<?xml version="1.0" encoding="UTF-8"?>
<!-- Generated by org.testng.reporters.JUnitReportReporter -->
<testsuite hostname="nsk-dt-asm-70" failures="0" tests="1" name="Test.Test_case_01" time="12.436" errors="0" timestamp="2023-11-29T14:03:10 IST" skipped="0">
  <testcase classname="Test.Test_case_01" name="Toverifyloginfunctionality" time="12.436"/>
</testsuite> <!-- Test.Test_case_01 -->
